[32m[Nest] 42520  - [39m08/17/2025, 4:18:09 PM [32m    LOG[39m [38;5;3m[NestFactory] [39m[32mStarting Nest application...[39m
[32m[Nest] 42520  - [39m08/17/2025, 4:18:09 PM [32m    LOG[39m [38;5;3m[InstanceLoader] [39m[32mConfigHostModule dependencies initialized[39m[38;5;3m +6ms[39m
[32m[Nest] 42520  - [39m08/17/2025, 4:18:09 PM [32m    LOG[39m [38;5;3m[InstanceLoader] [39m[32mAppModule dependencies initialized[39m[38;5;3m +0ms[39m
[32m[Nest] 42520  - [39m08/17/2025, 4:18:09 PM [32m    LOG[39m [38;5;3m[InstanceLoader] [39m[32mInvestigationsModule dependencies initialized[39m[38;5;3m +0ms[39m
[32m[Nest] 42520  - [39m08/17/2025, 4:18:09 PM [32m    LOG[39m [38;5;3m[InstanceLoader] [39m[32mConfigModule dependencies initialized[39m[38;5;3m +0ms[39m
[32m[Nest] 42520  - [39m08/17/2025, 4:18:09 PM [32m    LOG[39m [38;5;3m[RoutesResolver] [39m[32mAppController {/}:[39m[38;5;3m +8ms[39m
[32m[Nest] 42520  - [39m08/17/2025, 4:18:09 PM [32m    LOG[39m [38;5;3m[RouterExplorer] [39m[32mMapped {/, GET} route[39m[38;5;3m +1ms[39m
[32m[Nest] 42520  - [39m08/17/2025, 4:18:09 PM [32m    LOG[39m [38;5;3m[RouterExplorer] [39m[32mMapped {/health, GET} route[39m[38;5;3m +0ms[39m
[32m[Nest] 42520  - [39m08/17/2025, 4:18:09 PM [32m    LOG[39m [38;5;3m[RoutesResolver] [39m[32mInvestigationsController {/alerts}:[39m[38;5;3m +0ms[39m
[32m[Nest] 42520  - [39m08/17/2025, 4:18:09 PM [32m    LOG[39m [38;5;3m[RouterExplorer] [39m[32mMapped {/alerts, GET} route[39m[38;5;3m +1ms[39m
[32m[Nest] 42520  - [39m08/17/2025, 4:18:09 PM [32m    LOG[39m [38;5;3m[RouterExplorer] [39m[32mMapped {/alerts/:id, GET} route[39m[38;5;3m +0ms[39m
[32m[Nest] 42520  - [39m08/17/2025, 4:18:09 PM [32m    LOG[39m [38;5;3m[RouterExplorer] [39m[32mMapped {/alerts/:id/analysis, GET} route[39m[38;5;3m +0ms[39m
[32m[Nest] 42520  - [39m08/17/2025, 4:18:09 PM [32m    LOG[39m [38;5;3m[RouterExplorer] [39m[32mMapped {/alerts/:alertId/analysis/:stepId, GET} route[39m[38;5;3m +0ms[39m
[32m[Nest] 42520  - [39m08/17/2025, 4:18:09 PM [32m    LOG[39m [38;5;3m[NestApplication] [39m[32mNest application successfully started[39m[38;5;3m +1ms[39m
[31m[Nest] 42520  - [39m08/17/2025, 4:18:09 PM [31m  ERROR[39m [38;5;3m[NestApplication] [39m[31mError: listen EADDRINUSE: address already in use :::3001[39m[38;5;3m +2ms[39m
node:net:1904
    const ex = new UVExceptionWithHostPort(err, 'listen', address, port);
               ^

Error: listen EADDRINUSE: address already in use :::3001
    at Server.setupListenHandle [as _listen2] (node:net:1904:16)
    at listenInCluster (node:net:1961:12)
    at Server.listen (node:net:2063:7)
    at ExpressAdapter.listen (/Users/pgege/Documents/projects/development/project-ami/vigilant-api/node_modules/@nestjs/platform-express/adapters/express-adapter.js:127:32)
    at /Users/pgege/Documents/projects/development/project-ami/vigilant-api/node_modules/@nestjs/core/nest-application.js:188:30
    at new Promise (<anonymous>)
    at NestApplication.listen (/Users/pgege/Documents/projects/development/project-ami/vigilant-api/node_modules/@nestjs/core/nest-application.js:178:16)
    at bootstrap (/Users/pgege/Documents/projects/development/project-ami/vigilant-api/src/main.ts:24:3) {
  code: 'EADDRINUSE',
  errno: -48,
  syscall: 'listen',
  address: '::',
  port: 3001
}

Node.js v20.16.0
